<?xml version="1.0" encoding="UTF-8"?>
<!-- Generated by org.testng.reporters.JUnitReportReporter -->
<testsuite hostname="Dell" failures="0" tests="2" name="testNG.Demo1" time="0.027" errors="0" timestamp="2020-07-19T19:30:27 IST" skipped="0">
  <testcase classname="testNG.Demo1" name="demoMethod2" time="0.005"/>
  <system-out/>
  <testcase classname="testNG.Demo1" name="demoMethod" time="0.022"/>
  <system-out/>
</testsuite> <!-- testNG.Demo1 -->
